0 info it worked if it ends with ok
1 verbose cli [ '/usr/local/bin/node',
1 verbose cli   '/usr/local/bin/npm',
1 verbose cli   'install',
1 verbose cli   'data-service.js' ]
2 info using npm@3.10.10
3 info using node@v6.11.2
4 silly loadCurrentTree Starting
5 silly install loadCurrentTree
6 silly install readLocalPackageData
7 silly fetchPackageMetaData data-service.js
8 silly fetchOtherPackageData data-service.js
9 silly cache add args [ 'data-service.js', null ]
10 verbose cache add spec data-service.js
11 silly cache add parsed spec Result {
11 silly cache add   raw: 'data-service.js',
11 silly cache add   scope: null,
11 silly cache add   escapedName: 'data-service.js',
11 silly cache add   name: null,
11 silly cache add   rawSpec: 'data-service.js',
11 silly cache add   spec: '/Users/elena/Documents/school/assignment2final/data-service.js',
11 silly cache add   type: 'local' }
12 silly addLocalTarball shasum (computed) da39a3ee5e6b4b0d3255bfef95601890afd80709
13 verbose addTmpTarball /Users/elena/Documents/school/assignment2final/data-service.js not in flight; adding
14 verbose correctMkdir /Users/elena/.npm correctMkdir not in flight; initializing
15 verbose addTmpTarball validating metadata from /Users/elena/Documents/school/assignment2final/data-service.js
16 verbose tar unpack /Users/elena/Documents/school/assignment2final/data-service.js
17 verbose tar unpacking to /var/folders/1t/g2v4gfx109vgcht0bzb7q6500000gn/T/npm-16415-d40ed1bb/unpack-e77085d0
18 silly gentlyRm /var/folders/1t/g2v4gfx109vgcht0bzb7q6500000gn/T/npm-16415-d40ed1bb/unpack-e77085d0 is being purged
19 verbose gentlyRm don't care about contents; nuking /var/folders/1t/g2v4gfx109vgcht0bzb7q6500000gn/T/npm-16415-d40ed1bb/unpack-e77085d0
20 silly gunzTarPerm modes [ '755', '644' ]
21 error tar.unpack error reading /Users/elena/Documents/school/assignment2final/data-service.js
22 error addLocal Could not install /Users/elena/Documents/school/assignment2final/data-service.js
23 silly fetchPackageMetaData Error: 0-byte tarball
23 silly fetchPackageMetaData Please run `npm cache clean`
23 silly fetchPackageMetaData     at /usr/local/lib/node_modules/npm/lib/utils/tar.js:287:14
23 silly fetchPackageMetaData     at /usr/local/lib/node_modules/npm/node_modules/graceful-fs/polyfills.js:267:18
23 silly fetchPackageMetaData     at FSReqWrap.oncomplete (fs.js:123:15)
23 silly fetchPackageMetaData  error for data-service.js Error: 0-byte tarball
23 silly fetchPackageMetaData Please run `npm cache clean`
23 silly fetchPackageMetaData     at /usr/local/lib/node_modules/npm/lib/utils/tar.js:287:14
23 silly fetchPackageMetaData     at /usr/local/lib/node_modules/npm/node_modules/graceful-fs/polyfills.js:267:18
23 silly fetchPackageMetaData     at FSReqWrap.oncomplete (fs.js:123:15)
24 silly rollbackFailedOptional Starting
25 silly rollbackFailedOptional Finishing
26 silly runTopLevelLifecycles Finishing
27 silly install printInstalled
28 verbose stack Error: 0-byte tarball
28 verbose stack Please run `npm cache clean`
28 verbose stack     at /usr/local/lib/node_modules/npm/lib/utils/tar.js:287:14
28 verbose stack     at /usr/local/lib/node_modules/npm/node_modules/graceful-fs/polyfills.js:267:18
28 verbose stack     at FSReqWrap.oncomplete (fs.js:123:15)
29 verbose cwd /Users/elena/Documents/school/assignment2final
30 error Darwin 16.7.0
31 error argv "/usr/local/bin/node" "/usr/local/bin/npm" "install" "data-service.js"
32 error node v6.11.2
33 error npm  v3.10.10
34 error 0-byte tarball
34 error Please run `npm cache clean`
35 error If you need help, you may report this error at:
35 error     <https://github.com/npm/npm/issues>
36 verbose exit [ 1, true ]
